0 info it worked if it ends with ok
1 verbose cli [ '/usr/local/Cellar/node/4.2.1/bin/node',
1 verbose cli   '/usr/local/bin/npm',
1 verbose cli   'install',
1 verbose cli   'angualar-touch@1.4.8',
1 verbose cli   '--save' ]
2 info using npm@2.14.7
3 info using node@v4.2.1
4 verbose install initial load of /Users/Zeo/Documents/Prime Academy/Assignments/Build_Group assignment/team_coco_project-master/package.json
5 warn package.json team_coco_project@1.0.0 No description
6 warn package.json team_coco_project@1.0.0 No repository field.
7 warn package.json team_coco_project@1.0.0 No README data
8 verbose installManyTop reading scoped package data from /Users/Zeo/Documents/Prime Academy/Assignments/Build_Group assignment/team_coco_project-master/node_modules/angular/package.json
9 verbose installManyTop reading scoped package data from /Users/Zeo/Documents/Prime Academy/Assignments/Build_Group assignment/team_coco_project-master/node_modules/angular-animate/package.json
10 verbose installManyTop reading scoped package data from /Users/Zeo/Documents/Prime Academy/Assignments/Build_Group assignment/team_coco_project-master/node_modules/angular-aria/package.json
11 verbose installManyTop reading scoped package data from /Users/Zeo/Documents/Prime Academy/Assignments/Build_Group assignment/team_coco_project-master/node_modules/angular-cookies/package.json
12 verbose installManyTop reading scoped package data from /Users/Zeo/Documents/Prime Academy/Assignments/Build_Group assignment/team_coco_project-master/node_modules/angular-material/package.json
13 verbose installManyTop reading scoped package data from /Users/Zeo/Documents/Prime Academy/Assignments/Build_Group assignment/team_coco_project-master/node_modules/angular-material-icons/package.json
14 verbose installManyTop reading scoped package data from /Users/Zeo/Documents/Prime Academy/Assignments/Build_Group assignment/team_coco_project-master/node_modules/angular-module-touch/package.json
15 verbose installManyTop reading scoped package data from /Users/Zeo/Documents/Prime Academy/Assignments/Build_Group assignment/team_coco_project-master/node_modules/angular-route/package.json
16 verbose installManyTop reading scoped package data from /Users/Zeo/Documents/Prime Academy/Assignments/Build_Group assignment/team_coco_project-master/node_modules/bootstrap/package.json
17 verbose installManyTop reading scoped package data from /Users/Zeo/Documents/Prime Academy/Assignments/Build_Group assignment/team_coco_project-master/node_modules/express/package.json
18 verbose installManyTop reading scoped package data from /Users/Zeo/Documents/Prime Academy/Assignments/Build_Group assignment/team_coco_project-master/node_modules/grunt/package.json
19 verbose installManyTop reading scoped package data from /Users/Zeo/Documents/Prime Academy/Assignments/Build_Group assignment/team_coco_project-master/node_modules/grunt-contrib-copy/package.json
20 verbose installManyTop reading scoped package data from /Users/Zeo/Documents/Prime Academy/Assignments/Build_Group assignment/team_coco_project-master/node_modules/grunt-contrib-uglify/package.json
21 verbose installManyTop reading scoped package data from /Users/Zeo/Documents/Prime Academy/Assignments/Build_Group assignment/team_coco_project-master/node_modules/path/package.json
22 info package.json grunt@0.4.5 No license field.
23 info package.json path@0.12.7 path is also the name of a node core module.
24 info package.json angular-material@0.11.4 No license field.
25 verbose readDependencies loading dependencies from /Users/Zeo/Documents/Prime Academy/Assignments/Build_Group assignment/team_coco_project-master/package.json
26 silly cache add args [ 'angualar-touch@1.4.8', null ]
27 verbose cache add spec angualar-touch@1.4.8
28 silly cache add parsed spec Result {
28 silly cache add   raw: 'angualar-touch@1.4.8',
28 silly cache add   scope: null,
28 silly cache add   name: 'angualar-touch',
28 silly cache add   rawSpec: '1.4.8',
28 silly cache add   spec: '1.4.8',
28 silly cache add   type: 'version' }
29 silly addNamed angualar-touch@1.4.8
30 verbose addNamed "1.4.8" is a plain semver version for angualar-touch
31 silly mapToRegistry name angualar-touch
32 silly mapToRegistry using default registry
33 silly mapToRegistry registry https://registry.npmjs.org/
34 silly mapToRegistry uri https://registry.npmjs.org/angualar-touch
35 verbose addNameVersion registry:https://registry.npmjs.org/angualar-touch not in flight; fetching
36 verbose request uri https://registry.npmjs.org/angualar-touch
37 verbose request no auth needed
38 info attempt registry request try #1 at 11:18:12 AM
39 verbose request id 4335fc30518963bf
40 http request GET https://registry.npmjs.org/angualar-touch
41 http 404 https://registry.npmjs.org/angualar-touch
42 verbose headers { 'content-type': 'application/json',
42 verbose headers   'cache-control': 'max-age=0',
42 verbose headers   'content-length': '2',
42 verbose headers   'accept-ranges': 'bytes',
42 verbose headers   date: 'Wed, 06 Jan 2016 17:18:09 GMT',
42 verbose headers   via: '1.1 varnish',
42 verbose headers   age: '0',
42 verbose headers   connection: 'keep-alive',
42 verbose headers   'x-served-by': 'cache-dfw1830-DFW',
42 verbose headers   'x-cache': 'MISS',
42 verbose headers   'x-cache-hits': '0',
42 verbose headers   'x-timer': 'S1452100689.181143,VS0,VE191' }
43 silly get cb [ 404,
43 silly get   { 'content-type': 'application/json',
43 silly get     'cache-control': 'max-age=0',
43 silly get     'content-length': '2',
43 silly get     'accept-ranges': 'bytes',
43 silly get     date: 'Wed, 06 Jan 2016 17:18:09 GMT',
43 silly get     via: '1.1 varnish',
43 silly get     age: '0',
43 silly get     connection: 'keep-alive',
43 silly get     'x-served-by': 'cache-dfw1830-DFW',
43 silly get     'x-cache': 'MISS',
43 silly get     'x-cache-hits': '0',
43 silly get     'x-timer': 'S1452100689.181143,VS0,VE191' } ]
44 verbose stack Error: Registry returned 404 for GET on https://registry.npmjs.org/angualar-touch
44 verbose stack     at makeError (/usr/local/lib/node_modules/npm/node_modules/npm-registry-client/lib/request.js:264:12)
44 verbose stack     at CachingRegistryClient.<anonymous> (/usr/local/lib/node_modules/npm/node_modules/npm-registry-client/lib/request.js:242:14)
44 verbose stack     at Request._callback (/usr/local/lib/node_modules/npm/node_modules/npm-registry-client/lib/request.js:172:14)
44 verbose stack     at Request.self.callback (/usr/local/lib/node_modules/npm/node_modules/request/request.js:198:22)
44 verbose stack     at emitTwo (events.js:87:13)
44 verbose stack     at Request.emit (events.js:172:7)
44 verbose stack     at Request.<anonymous> (/usr/local/lib/node_modules/npm/node_modules/request/request.js:1063:14)
44 verbose stack     at emitOne (events.js:82:20)
44 verbose stack     at Request.emit (events.js:169:7)
44 verbose stack     at IncomingMessage.<anonymous> (/usr/local/lib/node_modules/npm/node_modules/request/request.js:1009:12)
45 verbose statusCode 404
46 verbose pkgid angualar-touch
47 verbose cwd /Users/Zeo/Documents/Prime Academy/Assignments/Build_Group assignment/team_coco_project-master
48 error Darwin 14.5.0
49 error argv "/usr/local/Cellar/node/4.2.1/bin/node" "/usr/local/bin/npm" "install" "angualar-touch@1.4.8" "--save"
50 error node v4.2.1
51 error npm  v2.14.7
52 error code E404
53 error 404 Registry returned 404 for GET on https://registry.npmjs.org/angualar-touch
53 error 404
53 error 404 'angualar-touch' is not in the npm registry.
53 error 404 You should bug the author to publish it (or use the name yourself!)
53 error 404 It was specified as a dependency of 'team_coco_project'
53 error 404
53 error 404 Note that you can also install from a
53 error 404 tarball, folder, http url, or git url.
54 verbose exit [ 1, true ]
